2015-09-03T17:41:04.829+0000 I JOURNAL  [initandlisten] journal dir=/opt/bitnami/mongodb/data/db/journal
2015-09-03T17:41:04.830+0000 I JOURNAL  [initandlisten] recover : no journal files present, no recovery needed
2015-09-03T17:41:05.255+0000 I JOURNAL  [initandlisten] preallocateIsFaster=true 7.14
2015-09-03T17:41:05.571+0000 I JOURNAL  [initandlisten] preallocateIsFaster=true 5.08
2015-09-03T17:41:06.833+0000 I JOURNAL  [initandlisten] preallocateIsFaster=true 4.04
2015-09-03T17:41:06.833+0000 I JOURNAL  [initandlisten] preallocating a journal file /opt/bitnami/mongodb/data/db/journal/prealloc.0
2015-09-03T17:41:09.030+0000 I -        [initandlisten]   File Preallocator Progress: 262144000/1073741824 24%
2015-09-03T17:41:12.359+0000 I -        [initandlisten]   File Preallocator Progress: 440401920/1073741824 41%
2015-09-03T17:41:15.014+0000 I -        [initandlisten]   File Preallocator Progress: 629145600/1073741824 58%
2015-09-03T17:41:18.026+0000 I -        [initandlisten]   File Preallocator Progress: 817889280/1073741824 76%
2015-09-03T17:41:21.018+0000 I -        [initandlisten]   File Preallocator Progress: 1006632960/1073741824 93%
2015-09-03T17:41:24.639+0000 I JOURNAL  [initandlisten] preallocating a journal file /opt/bitnami/mongodb/data/db/journal/prealloc.1
2015-09-03T17:41:27.082+0000 I -        [initandlisten]   File Preallocator Progress: 304087040/1073741824 28%
2015-09-03T17:41:30.028+0000 I -        [initandlisten]   File Preallocator Progress: 450887680/1073741824 41%
2015-09-03T17:41:33.078+0000 I -        [initandlisten]   File Preallocator Progress: 660602880/1073741824 61%
2015-09-03T17:41:36.062+0000 I -        [initandlisten]   File Preallocator Progress: 849346560/1073741824 79%
2015-09-03T17:41:39.066+0000 I -        [initandlisten]   File Preallocator Progress: 1027604480/1073741824 95%
2015-09-03T17:41:43.578+0000 I -        [initandlisten]   File Preallocator Progress: 1069547520/1073741824 99%
2015-09-03T17:41:50.141+0000 I JOURNAL  [initandlisten] preallocating a journal file /opt/bitnami/mongodb/data/db/journal/prealloc.2
2015-09-03T17:41:53.026+0000 I -        [initandlisten]   File Preallocator Progress: 335544320/1073741824 31%
2015-09-03T17:41:56.010+0000 I -        [initandlisten]   File Preallocator Progress: 524288000/1073741824 48%
2015-09-03T17:41:59.110+0000 I -        [initandlisten]   File Preallocator Progress: 713031680/1073741824 66%
2015-09-03T17:42:02.122+0000 I -        [initandlisten]   File Preallocator Progress: 912261120/1073741824 84%
2015-09-03T17:42:07.140+0000 I JOURNAL  [durability] Durability thread started
2015-09-03T17:42:07.140+0000 I JOURNAL  [journal writer] Journal writer thread started
2015-09-03T17:42:07.228+0000 I CONTROL  [initandlisten] MongoDB starting : pid=1289 port=27017 dbpath=/opt/bitnami/mongodb/data/db 64-bit host=ip-172-31-26-196
2015-09-03T17:42:07.230+0000 I CONTROL  [initandlisten] 
2015-09-03T17:42:07.230+0000 I CONTROL  [initandlisten] ** WARNING: /sys/kernel/mm/transparent_hugepage/enabled is 'always'.
2015-09-03T17:42:07.230+0000 I CONTROL  [initandlisten] **        We suggest setting it to 'never'
2015-09-03T17:42:07.230+0000 I CONTROL  [initandlisten] 
2015-09-03T17:42:07.230+0000 I CONTROL  [initandlisten] ** WARNING: /sys/kernel/mm/transparent_hugepage/defrag is 'always'.
2015-09-03T17:42:07.230+0000 I CONTROL  [initandlisten] **        We suggest setting it to 'never'
2015-09-03T17:42:07.230+0000 I CONTROL  [initandlisten] 
2015-09-03T17:42:07.230+0000 I CONTROL  [initandlisten] db version v3.0.4
2015-09-03T17:42:07.230+0000 I CONTROL  [initandlisten] git version: 0481c958daeb2969800511e7475dc66986fa9ed5
2015-09-03T17:42:07.231+0000 I CONTROL  [initandlisten] build info: Linux build9.nj1.10gen.cc 2.6.32-431.3.1.el6.x86_64 #1 SMP Fri Jan 3 21:39:27 UTC 2014 x86_64 BOOST_LIB_VERSION=1_49
2015-09-03T17:42:07.231+0000 I CONTROL  [initandlisten] allocator: tcmalloc
2015-09-03T17:42:07.231+0000 I CONTROL  [initandlisten] options: { config: "/opt/bitnami/mongodb/mongodb.conf", net: { bindIp: "127.0.0.1", port: 27017, unixDomainSocket: { pathPrefix: "/opt/bitnami/mongodb/tmp" } }, processManagement: { fork: true, pidFilePath: "/opt/bitnami/mongodb/tmp/mongodb.pid" }, security: { authorization: "enabled" }, setParameter: { enableLocalhostAuthBypass: "0" }, storage: { dbPath: "/opt/bitnami/mongodb/data/db", journal: { enabled: true } }, systemLog: { destination: "file", logAppend: true, path: "/opt/bitnami/mongodb/log/mongodb.log" } }
2015-09-03T17:42:13.568+0000 I NETWORK  [initandlisten] waiting for connections on port 27017
2015-09-03T17:42:29.602+0000 I CONTROL  [signalProcessingThread] got signal 15 (Terminated), will terminate after current cmd ends
2015-09-03T17:42:29.602+0000 I CONTROL  [signalProcessingThread] now exiting
2015-09-03T17:42:29.602+0000 I NETWORK  [signalProcessingThread] shutdown: going to close listening sockets...
2015-09-03T17:42:29.602+0000 I NETWORK  [signalProcessingThread] closing listening socket: 6
2015-09-03T17:42:29.602+0000 I NETWORK  [signalProcessingThread] closing listening socket: 7
2015-09-03T17:42:29.602+0000 I NETWORK  [signalProcessingThread] removing socket file: /opt/bitnami/mongodb/tmp/mongodb-27017.sock
2015-09-03T17:42:29.602+0000 I NETWORK  [signalProcessingThread] shutdown: going to flush diaglog...
2015-09-03T17:42:29.602+0000 I NETWORK  [signalProcessingThread] shutdown: going to close sockets...
2015-09-03T17:42:29.602+0000 I STORAGE  [signalProcessingThread] shutdown: waiting for fs preallocator...
2015-09-03T17:42:29.602+0000 I STORAGE  [signalProcessingThread] shutdown: final commit...
2015-09-03T17:42:29.607+0000 I JOURNAL  [signalProcessingThread] journalCleanup...
2015-09-03T17:42:29.607+0000 I JOURNAL  [signalProcessingThread] removeJournalFiles
2015-09-03T17:42:29.611+0000 I JOURNAL  [signalProcessingThread] Terminating durability thread ...
2015-09-03T17:42:29.705+0000 I JOURNAL  [journal writer] Journal writer thread stopped
2015-09-03T17:42:29.705+0000 I JOURNAL  [durability] Durability thread stopped
2015-09-03T17:42:29.705+0000 I STORAGE  [signalProcessingThread] shutdown: closing all files...
2015-09-03T17:42:29.706+0000 I STORAGE  [signalProcessingThread] closeAllFiles() finished
2015-09-03T17:42:29.706+0000 I STORAGE  [signalProcessingThread] shutdown: removing fs lock...
2015-09-03T17:42:29.706+0000 I CONTROL  [signalProcessingThread] dbexit:  rc: 0
2015-09-03T17:42:35.638+0000 I CONTROL  ***** SERVER RESTARTED *****
2015-09-03T17:42:35.670+0000 I JOURNAL  [initandlisten] journal dir=/opt/bitnami/mongodb/data/db/journal
2015-09-03T17:42:35.671+0000 I JOURNAL  [initandlisten] recover : no journal files present, no recovery needed
2015-09-03T17:42:35.677+0000 I JOURNAL  [durability] Durability thread started
2015-09-03T17:42:35.677+0000 I JOURNAL  [journal writer] Journal writer thread started
2015-09-03T17:42:35.679+0000 I CONTROL  [initandlisten] MongoDB starting : pid=1359 port=27017 dbpath=/opt/bitnami/mongodb/data/db 64-bit host=ip-172-31-26-196
2015-09-03T17:42:35.679+0000 I CONTROL  [initandlisten] 
2015-09-03T17:42:35.679+0000 I CONTROL  [initandlisten] ** WARNING: /sys/kernel/mm/transparent_hugepage/enabled is 'always'.
2015-09-03T17:42:35.679+0000 I CONTROL  [initandlisten] **        We suggest setting it to 'never'
2015-09-03T17:42:35.679+0000 I CONTROL  [initandlisten] 
2015-09-03T17:42:35.679+0000 I CONTROL  [initandlisten] ** WARNING: /sys/kernel/mm/transparent_hugepage/defrag is 'always'.
2015-09-03T17:42:35.679+0000 I CONTROL  [initandlisten] **        We suggest setting it to 'never'
2015-09-03T17:42:35.679+0000 I CONTROL  [initandlisten] 
2015-09-03T17:42:35.679+0000 I CONTROL  [initandlisten] db version v3.0.4
2015-09-03T17:42:35.679+0000 I CONTROL  [initandlisten] git version: 0481c958daeb2969800511e7475dc66986fa9ed5
2015-09-03T17:42:35.679+0000 I CONTROL  [initandlisten] build info: Linux build9.nj1.10gen.cc 2.6.32-431.3.1.el6.x86_64 #1 SMP Fri Jan 3 21:39:27 UTC 2014 x86_64 BOOST_LIB_VERSION=1_49
2015-09-03T17:42:35.679+0000 I CONTROL  [initandlisten] allocator: tcmalloc
2015-09-03T17:42:35.679+0000 I CONTROL  [initandlisten] options: { config: "/opt/bitnami/mongodb/mongodb.conf", net: { bindIp: "127.0.0.1", port: 27017, unixDomainSocket: { pathPrefix: "/opt/bitnami/mongodb/tmp" } }, processManagement: { fork: true, pidFilePath: "/opt/bitnami/mongodb/tmp/mongodb.pid" }, storage: { dbPath: "/opt/bitnami/mongodb/data/db", journal: { enabled: true } }, systemLog: { destination: "file", logAppend: true, path: "/opt/bitnami/mongodb/log/mongodb.log" } }
2015-09-03T17:42:35.688+0000 I NETWORK  [initandlisten] waiting for connections on port 27017
2015-09-03T17:42:48.148+0000 I NETWORK  [initandlisten] connection accepted from anonymous unix socket #1 (1 connection now open)
2015-09-03T17:42:48.286+0000 I WRITE    [conn1] update admin.system.users query: { user: "root", db: "admin" } update: { $set: { credentials: { SCRAM-SHA-1: { iterationCount: 10000, salt: "NDb3epLNuoLzqmIKsGwANw==", storedKey: "xKZzmCEynpGUgei0AtVr0v5lsuw=", serverKey: "XZMYWc3JnOvCJOBB9WTAFnroABg=" } } } } nscanned:1 nscannedObjects:1 nMatched:1 nModified:1 fastmod:1 keyUpdates:0 writeConflicts:0 numYields:1 locks:{ Global: { acquireCount: { r: 3, w: 3 } }, MMAPV1Journal: { acquireCount: { w: 4 } }, Database: { acquireCount: { W: 3 } }, Collection: { acquireCount: { W: 3 } } } 119ms
2015-09-03T17:42:48.287+0000 I COMMAND  [conn1] command admin.$cmd command: updateUser { updateUser: "root", pwd: "xxx", writeConcern: { w: "majority", wtimeout: 30000.0 }, digestPassword: false } keyUpdates:0 writeConflicts:0 numYields:0 reslen:37 locks:{ Global: { acquireCount: { r: 3, w: 3 } }, MMAPV1Journal: { acquireCount: { w: 4 } }, Database: { acquireCount: { W: 3 } }, Collection: { acquireCount: { W: 3 } } } 136ms
2015-09-03T17:42:48.294+0000 I NETWORK  [conn1] end connection anonymous unix socket (0 connections now open)
2015-09-03T17:42:48.646+0000 I CONTROL  [signalProcessingThread] got signal 15 (Terminated), will terminate after current cmd ends
2015-09-03T17:42:48.646+0000 I CONTROL  [signalProcessingThread] now exiting
2015-09-03T17:42:48.646+0000 I NETWORK  [signalProcessingThread] shutdown: going to close listening sockets...
2015-09-03T17:42:48.646+0000 I NETWORK  [signalProcessingThread] closing listening socket: 8
2015-09-03T17:42:48.646+0000 I NETWORK  [signalProcessingThread] closing listening socket: 9
2015-09-03T17:42:48.646+0000 I NETWORK  [signalProcessingThread] removing socket file: /opt/bitnami/mongodb/tmp/mongodb-27017.sock
2015-09-03T17:42:48.646+0000 I NETWORK  [signalProcessingThread] shutdown: going to flush diaglog...
2015-09-03T17:42:48.646+0000 I NETWORK  [signalProcessingThread] shutdown: going to close sockets...
2015-09-03T17:42:48.646+0000 I STORAGE  [signalProcessingThread] shutdown: waiting for fs preallocator...
2015-09-03T17:42:48.646+0000 I STORAGE  [signalProcessingThread] shutdown: final commit...
2015-09-03T17:42:48.715+0000 I JOURNAL  [signalProcessingThread] journalCleanup...
2015-09-03T17:42:48.715+0000 I JOURNAL  [signalProcessingThread] removeJournalFiles
2015-09-03T17:42:48.720+0000 I JOURNAL  [signalProcessingThread] Terminating durability thread ...
2015-09-03T17:42:48.748+0000 I JOURNAL  [journal writer] Journal writer thread stopped
2015-09-03T17:42:48.748+0000 I JOURNAL  [durability] Durability thread stopped
2015-09-03T17:42:48.749+0000 I STORAGE  [signalProcessingThread] shutdown: closing all files...
2015-09-03T17:42:48.749+0000 I STORAGE  [signalProcessingThread] closeAllFiles() finished
2015-09-03T17:42:48.749+0000 I STORAGE  [signalProcessingThread] shutdown: removing fs lock...
2015-09-03T17:42:48.749+0000 I CONTROL  [signalProcessingThread] dbexit:  rc: 0
2015-09-03T17:42:54.672+0000 I CONTROL  ***** SERVER RESTARTED *****
2015-09-03T17:42:54.703+0000 I JOURNAL  [initandlisten] journal dir=/opt/bitnami/mongodb/data/db/journal
2015-09-03T17:42:54.703+0000 I JOURNAL  [initandlisten] recover : no journal files present, no recovery needed
2015-09-03T17:42:54.710+0000 I JOURNAL  [durability] Durability thread started
2015-09-03T17:42:54.710+0000 I JOURNAL  [journal writer] Journal writer thread started
2015-09-03T17:42:54.712+0000 I CONTROL  [initandlisten] MongoDB starting : pid=1416 port=27017 dbpath=/opt/bitnami/mongodb/data/db 64-bit host=ip-172-31-26-196
2015-09-03T17:42:54.712+0000 I CONTROL  [initandlisten] 
2015-09-03T17:42:54.712+0000 I CONTROL  [initandlisten] ** WARNING: /sys/kernel/mm/transparent_hugepage/enabled is 'always'.
2015-09-03T17:42:54.712+0000 I CONTROL  [initandlisten] **        We suggest setting it to 'never'
2015-09-03T17:42:54.712+0000 I CONTROL  [initandlisten] 
2015-09-03T17:42:54.712+0000 I CONTROL  [initandlisten] ** WARNING: /sys/kernel/mm/transparent_hugepage/defrag is 'always'.
2015-09-03T17:42:54.712+0000 I CONTROL  [initandlisten] **        We suggest setting it to 'never'
2015-09-03T17:42:54.712+0000 I CONTROL  [initandlisten] 
2015-09-03T17:42:54.712+0000 I CONTROL  [initandlisten] db version v3.0.4
2015-09-03T17:42:54.712+0000 I CONTROL  [initandlisten] git version: 0481c958daeb2969800511e7475dc66986fa9ed5
2015-09-03T17:42:54.712+0000 I CONTROL  [initandlisten] build info: Linux build9.nj1.10gen.cc 2.6.32-431.3.1.el6.x86_64 #1 SMP Fri Jan 3 21:39:27 UTC 2014 x86_64 BOOST_LIB_VERSION=1_49
2015-09-03T17:42:54.712+0000 I CONTROL  [initandlisten] allocator: tcmalloc
2015-09-03T17:42:54.712+0000 I CONTROL  [initandlisten] options: { config: "/opt/bitnami/mongodb/mongodb.conf", net: { bindIp: "127.0.0.1", port: 27017, unixDomainSocket: { pathPrefix: "/opt/bitnami/mongodb/tmp" } }, processManagement: { fork: true, pidFilePath: "/opt/bitnami/mongodb/tmp/mongodb.pid" }, security: { authorization: "enabled" }, setParameter: { enableLocalhostAuthBypass: "0" }, storage: { dbPath: "/opt/bitnami/mongodb/data/db", journal: { enabled: true } }, systemLog: { destination: "file", logAppend: true, path: "/opt/bitnami/mongodb/log/mongodb.log" } }
2015-09-03T17:42:54.721+0000 I NETWORK  [initandlisten] waiting for connections on port 27017
2015-09-04T05:59:06.823+0000 I CONTROL  [signalProcessingThread] got signal 15 (Terminated), will terminate after current cmd ends
2015-09-04T05:59:06.824+0000 I CONTROL  [signalProcessingThread] now exiting
2015-09-04T05:59:06.824+0000 I NETWORK  [signalProcessingThread] shutdown: going to close listening sockets...
2015-09-04T05:59:06.824+0000 I NETWORK  [signalProcessingThread] closing listening socket: 8
2015-09-04T05:59:06.824+0000 I NETWORK  [signalProcessingThread] closing listening socket: 9
2015-09-04T05:59:06.824+0000 I NETWORK  [signalProcessingThread] removing socket file: /opt/bitnami/mongodb/tmp/mongodb-27017.sock
2015-09-04T05:59:06.824+0000 I NETWORK  [signalProcessingThread] shutdown: going to flush diaglog...
2015-09-04T05:59:06.824+0000 I NETWORK  [signalProcessingThread] shutdown: going to close sockets...
2015-09-04T05:59:06.824+0000 I STORAGE  [signalProcessingThread] shutdown: waiting for fs preallocator...
2015-09-04T05:59:06.824+0000 I STORAGE  [signalProcessingThread] shutdown: final commit...
2015-09-04T05:59:06.824+0000 I JOURNAL  [signalProcessingThread] journalCleanup...
2015-09-04T05:59:06.824+0000 I JOURNAL  [signalProcessingThread] removeJournalFiles
2015-09-04T05:59:06.828+0000 I JOURNAL  [signalProcessingThread] Terminating durability thread ...
2015-09-04T05:59:06.926+0000 I JOURNAL  [journal writer] Journal writer thread stopped
2015-09-04T05:59:06.926+0000 I JOURNAL  [durability] Durability thread stopped
2015-09-04T05:59:06.926+0000 I STORAGE  [signalProcessingThread] shutdown: closing all files...
2015-09-04T05:59:06.927+0000 I STORAGE  [signalProcessingThread] closeAllFiles() finished
2015-09-04T05:59:06.927+0000 I STORAGE  [signalProcessingThread] shutdown: removing fs lock...
2015-09-04T05:59:06.927+0000 I CONTROL  [signalProcessingThread] dbexit:  rc: 0
2015-09-04T16:56:33.140+0000 I CONTROL  ***** SERVER RESTARTED *****
2015-09-04T16:56:33.173+0000 I JOURNAL  [initandlisten] journal dir=/opt/bitnami/mongodb/data/db/journal
2015-09-04T16:56:33.173+0000 I JOURNAL  [initandlisten] recover : no journal files present, no recovery needed
2015-09-04T16:56:33.180+0000 I JOURNAL  [durability] Durability thread started
2015-09-04T16:56:33.180+0000 I JOURNAL  [journal writer] Journal writer thread started
2015-09-04T16:56:33.181+0000 I CONTROL  [initandlisten] MongoDB starting : pid=1133 port=27017 dbpath=/opt/bitnami/mongodb/data/db 64-bit host=ip-172-31-26-196
2015-09-04T16:56:33.181+0000 I CONTROL  [initandlisten] 
2015-09-04T16:56:33.181+0000 I CONTROL  [initandlisten] ** WARNING: /sys/kernel/mm/transparent_hugepage/enabled is 'always'.
2015-09-04T16:56:33.181+0000 I CONTROL  [initandlisten] **        We suggest setting it to 'never'
2015-09-04T16:56:33.181+0000 I CONTROL  [initandlisten] 
2015-09-04T16:56:33.181+0000 I CONTROL  [initandlisten] ** WARNING: /sys/kernel/mm/transparent_hugepage/defrag is 'always'.
2015-09-04T16:56:33.181+0000 I CONTROL  [initandlisten] **        We suggest setting it to 'never'
2015-09-04T16:56:33.181+0000 I CONTROL  [initandlisten] 
2015-09-04T16:56:33.181+0000 I CONTROL  [initandlisten] db version v3.0.4
2015-09-04T16:56:33.181+0000 I CONTROL  [initandlisten] git version: 0481c958daeb2969800511e7475dc66986fa9ed5
2015-09-04T16:56:33.181+0000 I CONTROL  [initandlisten] build info: Linux build9.nj1.10gen.cc 2.6.32-431.3.1.el6.x86_64 #1 SMP Fri Jan 3 21:39:27 UTC 2014 x86_64 BOOST_LIB_VERSION=1_49
2015-09-04T16:56:33.181+0000 I CONTROL  [initandlisten] allocator: tcmalloc
2015-09-04T16:56:33.181+0000 I CONTROL  [initandlisten] options: { config: "/opt/bitnami/mongodb/mongodb.conf", net: { bindIp: "127.0.0.1", port: 27017, unixDomainSocket: { pathPrefix: "/opt/bitnami/mongodb/tmp" } }, processManagement: { fork: true, pidFilePath: "/opt/bitnami/mongodb/tmp/mongodb.pid" }, security: { authorization: "enabled" }, setParameter: { enableLocalhostAuthBypass: "0" }, storage: { dbPath: "/opt/bitnami/mongodb/data/db", journal: { enabled: true } }, systemLog: { destination: "file", logAppend: true, path: "/opt/bitnami/mongodb/log/mongodb.log" } }
2015-09-04T16:56:33.432+0000 I NETWORK  [initandlisten] waiting for connections on port 27017
